2015-12-22 00:33:16,331 [Worker-17] INFO  o.e.m.c.i.l.LifecycleMappingFactory - Using org.maven.ide.eclipse.wtp.WarLifecycleMapping lifecycle mapping for MavenProject: REST:REST:0.0.1-SNAPSHOT @ C:\Java\GitHub\ExemploWebService\REST\REST\pom.xml.
2015-12-22 00:33:18,568 [Worker-17] INFO  o.e.m.j.i.AbstractJavaProjectConfigurator - Adding source folder /REST/src
2015-12-22 00:33:18,576 [Worker-17] INFO  o.e.m.j.i.AbstractJavaProjectConfigurator - Not adding source folder /REST/src/test/java because it overlaps with /REST/src
2015-12-22 00:33:19,093 [Worker-18] WARN  o.e.m.c.i.embedder.EclipseLogger - Using platform encoding (Cp1252 actually) to copy filtered resources, i.e. build is platform dependent!
2015-12-22 00:33:19,104 [Worker-18] INFO  o.e.m.c.i.embedder.EclipseLogger - skip non existing resourceDirectory C:\Java\GitHub\ExemploWebService\REST\REST\src\main\resources
2015-12-22 00:33:19,109 [Worker-18] WARN  o.e.m.c.i.embedder.EclipseLogger - Using platform encoding (Cp1252 actually) to copy filtered resources, i.e. build is platform dependent!
2015-12-22 00:33:19,110 [Worker-18] INFO  o.e.m.c.i.embedder.EclipseLogger - skip non existing resourceDirectory C:\Java\GitHub\ExemploWebService\REST\REST\src\test\resources
2015-12-22 00:33:19,203 [Worker-17] INFO  o.e.m.c.i.p.ProjectConfigurationManager - Update started
2015-12-22 00:33:19,934 [Worker-17] INFO  o.e.m.c.i.l.LifecycleMappingFactory - Using org.maven.ide.eclipse.wtp.WarLifecycleMapping lifecycle mapping for MavenProject: REST:REST:0.0.1-SNAPSHOT @ C:\Java\GitHub\ExemploWebService\REST\REST\pom.xml.
2015-12-22 00:33:21,205 [Worker-14] WARN  o.e.m.c.i.embedder.EclipseLogger - Using platform encoding (Cp1252 actually) to copy filtered resources, i.e. build is platform dependent!
2015-12-22 00:33:21,206 [Worker-14] INFO  o.e.m.c.i.embedder.EclipseLogger - skip non existing resourceDirectory C:\Java\GitHub\ExemploWebService\REST\REST\src\main\resources
2015-12-22 00:33:21,218 [Worker-14] WARN  o.e.m.c.i.embedder.EclipseLogger - Using platform encoding (Cp1252 actually) to copy filtered resources, i.e. build is platform dependent!
2015-12-22 00:33:21,219 [Worker-14] INFO  o.e.m.c.i.embedder.EclipseLogger - skip non existing resourceDirectory C:\Java\GitHub\ExemploWebService\REST\REST\src\test\resources
2015-12-22 00:33:21,219 [Worker-14] INFO  o.e.m.w.i.f.ResourceFilteringBuildParticipant - Changed resources require a complete clean of filtered resources of REST
2015-12-22 00:33:21,220 [Worker-14] INFO  o.e.m.w.i.f.ResourceFilteringBuildParticipant - Executing resource filtering for REST
2015-12-22 00:33:21,226 [Worker-14] WARN  o.e.m.c.i.embedder.EclipseLogger - The POM for org.apache.maven.plugins:maven-clean-plugin:jar:2.5 is missing, no dependency information available
2015-12-22 00:33:21,235 [Worker-14] WARN  o.e.m.c.i.embedder.EclipseLogger - Using platform encoding (Cp1252 actually) to copy filtered resources, i.e. build is platform dependent!
2015-12-22 00:33:21,251 [Worker-17] INFO  o.e.m.j.i.AbstractJavaProjectConfigurator - Adding source folder /REST/src
2015-12-22 00:33:21,253 [Worker-17] INFO  o.e.m.j.i.AbstractJavaProjectConfigurator - Not adding source folder /REST/src/test/java because it overlaps with /REST/src
2015-12-22 00:33:21,532 [Worker-17] INFO  o.e.m.w.i.f.ResourceFilteringBuildParticipant - Cleaning filtered folder for REST
2015-12-22 00:33:21,570 [Worker-17] INFO  o.e.m.c.i.p.ProjectConfigurationManager - Update completed: 2 sec
2015-12-22 00:33:22,277 [Worker-16] WARN  o.e.m.c.i.embedder.EclipseLogger - Using platform encoding (Cp1252 actually) to copy filtered resources, i.e. build is platform dependent!
2015-12-22 00:33:22,278 [Worker-16] INFO  o.e.m.c.i.embedder.EclipseLogger - skip non existing resourceDirectory C:\Java\GitHub\ExemploWebService\REST\REST\src\main\resources
2015-12-22 00:33:22,280 [Worker-16] WARN  o.e.m.c.i.embedder.EclipseLogger - Using platform encoding (Cp1252 actually) to copy filtered resources, i.e. build is platform dependent!
2015-12-22 00:33:22,282 [Worker-16] INFO  o.e.m.c.i.embedder.EclipseLogger - skip non existing resourceDirectory C:\Java\GitHub\ExemploWebService\REST\REST\src\test\resources
2015-12-22 00:33:22,282 [Worker-16] INFO  o.e.m.w.i.f.ResourceFilteringBuildParticipant - Changed resources require a complete clean of filtered resources of REST
2015-12-22 00:33:22,283 [Worker-16] INFO  o.e.m.w.i.f.ResourceFilteringBuildParticipant - Executing resource filtering for REST
2015-12-22 00:33:22,290 [Worker-16] WARN  o.e.m.c.i.embedder.EclipseLogger - Using platform encoding (Cp1252 actually) to copy filtered resources, i.e. build is platform dependent!
2015-12-22 00:34:09,992 [Worker-11] INFO  o.e.m.c.i.l.LifecycleMappingFactory - Using org.maven.ide.eclipse.wtp.WarLifecycleMapping lifecycle mapping for MavenProject: REST:REST:0.0.1-SNAPSHOT @ C:\Java\GitHub\ExemploWebService\REST\REST\pom.xml.
2015-12-22 00:34:11,083 [Worker-11] WARN  o.e.m.c.i.embedder.EclipseLogger - Using platform encoding (Cp1252 actually) to copy filtered resources, i.e. build is platform dependent!
2015-12-22 00:34:11,084 [Worker-11] INFO  o.e.m.c.i.embedder.EclipseLogger - skip non existing resourceDirectory C:\Java\GitHub\ExemploWebService\REST\REST\src\main\resources
2015-12-22 00:34:11,086 [Worker-11] WARN  o.e.m.c.i.embedder.EclipseLogger - Using platform encoding (Cp1252 actually) to copy filtered resources, i.e. build is platform dependent!
2015-12-22 00:34:11,087 [Worker-11] INFO  o.e.m.c.i.embedder.EclipseLogger - skip non existing resourceDirectory C:\Java\GitHub\ExemploWebService\REST\REST\src\test\resources
2015-12-22 00:34:11,087 [Worker-11] INFO  o.e.m.w.i.f.ResourceFilteringBuildParticipant - Changed resources require a complete clean of filtered resources of REST
2015-12-22 00:34:11,087 [Worker-11] INFO  o.e.m.w.i.f.ResourceFilteringBuildParticipant - Executing resource filtering for REST
2015-12-22 00:34:11,093 [Worker-11] WARN  o.e.m.c.i.embedder.EclipseLogger - Using platform encoding (Cp1252 actually) to copy filtered resources, i.e. build is platform dependent!
2015-12-22 00:36:58,521 [Worker-16] WARN  o.e.m.c.i.embedder.EclipseLogger - Using platform encoding (Cp1252 actually) to copy filtered resources, i.e. build is platform dependent!
2015-12-22 00:36:58,522 [Worker-16] INFO  o.e.m.c.i.embedder.EclipseLogger - skip non existing resourceDirectory C:\Java\GitHub\ExemploWebService\REST\REST\src\main\resources
2015-12-22 00:36:58,524 [Worker-16] WARN  o.e.m.c.i.embedder.EclipseLogger - Using platform encoding (Cp1252 actually) to copy filtered resources, i.e. build is platform dependent!
2015-12-22 00:36:58,524 [Worker-16] INFO  o.e.m.c.i.embedder.EclipseLogger - skip non existing resourceDirectory C:\Java\GitHub\ExemploWebService\REST\REST\src\test\resources
2015-12-22 00:37:45,838 [Worker-11] WARN  o.e.m.c.i.embedder.EclipseLogger - Using platform encoding (Cp1252 actually) to copy filtered resources, i.e. build is platform dependent!
2015-12-22 00:37:45,839 [Worker-11] INFO  o.e.m.c.i.embedder.EclipseLogger - skip non existing resourceDirectory C:\Java\GitHub\ExemploWebService\REST\REST\src\main\resources
2015-12-22 00:37:45,840 [Worker-11] WARN  o.e.m.c.i.embedder.EclipseLogger - Using platform encoding (Cp1252 actually) to copy filtered resources, i.e. build is platform dependent!
2015-12-22 00:37:45,841 [Worker-11] INFO  o.e.m.c.i.embedder.EclipseLogger - skip non existing resourceDirectory C:\Java\GitHub\ExemploWebService\REST\REST\src\test\resources
2015-12-22 00:39:13,715 [Worker-21] WARN  o.e.m.c.i.embedder.EclipseLogger - Using platform encoding (Cp1252 actually) to copy filtered resources, i.e. build is platform dependent!
2015-12-22 00:39:13,716 [Worker-21] INFO  o.e.m.c.i.embedder.EclipseLogger - skip non existing resourceDirectory C:\Java\GitHub\ExemploWebService\REST\REST\src\main\resources
2015-12-22 00:39:13,717 [Worker-21] WARN  o.e.m.c.i.embedder.EclipseLogger - Using platform encoding (Cp1252 actually) to copy filtered resources, i.e. build is platform dependent!
2015-12-22 00:39:13,717 [Worker-21] INFO  o.e.m.c.i.embedder.EclipseLogger - skip non existing resourceDirectory C:\Java\GitHub\ExemploWebService\REST\REST\src\test\resources
2015-12-22 00:39:35,053 [Worker-16] WARN  o.e.m.c.i.embedder.EclipseLogger - Using platform encoding (Cp1252 actually) to copy filtered resources, i.e. build is platform dependent!
2015-12-22 00:39:35,054 [Worker-16] INFO  o.e.m.c.i.embedder.EclipseLogger - skip non existing resourceDirectory C:\Java\GitHub\ExemploWebService\REST\REST\src\main\resources
2015-12-22 00:39:35,055 [Worker-16] WARN  o.e.m.c.i.embedder.EclipseLogger - Using platform encoding (Cp1252 actually) to copy filtered resources, i.e. build is platform dependent!
2015-12-22 00:39:35,056 [Worker-16] INFO  o.e.m.c.i.embedder.EclipseLogger - skip non existing resourceDirectory C:\Java\GitHub\ExemploWebService\REST\REST\src\test\resources
2015-12-22 00:40:17,214 [Worker-21] WARN  o.e.m.c.i.embedder.EclipseLogger - Using platform encoding (Cp1252 actually) to copy filtered resources, i.e. build is platform dependent!
2015-12-22 00:40:17,215 [Worker-21] INFO  o.e.m.c.i.embedder.EclipseLogger - skip non existing resourceDirectory C:\Java\GitHub\ExemploWebService\REST\REST\src\main\resources
2015-12-22 00:40:17,216 [Worker-21] WARN  o.e.m.c.i.embedder.EclipseLogger - Using platform encoding (Cp1252 actually) to copy filtered resources, i.e. build is platform dependent!
2015-12-22 00:40:17,217 [Worker-21] INFO  o.e.m.c.i.embedder.EclipseLogger - skip non existing resourceDirectory C:\Java\GitHub\ExemploWebService\REST\REST\src\test\resources
2015-12-22 00:41:33,564 [Worker-1] WARN  o.e.m.c.i.embedder.EclipseLogger - Using platform encoding (Cp1252 actually) to copy filtered resources, i.e. build is platform dependent!
2015-12-22 00:41:33,565 [Worker-1] INFO  o.e.m.c.i.embedder.EclipseLogger - skip non existing resourceDirectory C:\Java\GitHub\ExemploWebService\REST\REST\src\main\resources
2015-12-22 00:41:33,566 [Worker-1] WARN  o.e.m.c.i.embedder.EclipseLogger - Using platform encoding (Cp1252 actually) to copy filtered resources, i.e. build is platform dependent!
2015-12-22 00:41:33,567 [Worker-1] INFO  o.e.m.c.i.embedder.EclipseLogger - skip non existing resourceDirectory C:\Java\GitHub\ExemploWebService\REST\REST\src\test\resources
2015-12-22 00:43:37,576 [Worker-22] WARN  o.e.m.c.i.embedder.EclipseLogger - Using platform encoding (Cp1252 actually) to copy filtered resources, i.e. build is platform dependent!
2015-12-22 00:43:37,577 [Worker-22] INFO  o.e.m.c.i.embedder.EclipseLogger - skip non existing resourceDirectory C:\Java\GitHub\ExemploWebService\REST\REST\src\main\resources
2015-12-22 00:43:37,578 [Worker-22] WARN  o.e.m.c.i.embedder.EclipseLogger - Using platform encoding (Cp1252 actually) to copy filtered resources, i.e. build is platform dependent!
2015-12-22 00:43:37,579 [Worker-22] INFO  o.e.m.c.i.embedder.EclipseLogger - skip non existing resourceDirectory C:\Java\GitHub\ExemploWebService\REST\REST\src\test\resources
2015-12-22 00:45:45,855 [Worker-1] WARN  o.e.m.c.i.embedder.EclipseLogger - Using platform encoding (Cp1252 actually) to copy filtered resources, i.e. build is platform dependent!
2015-12-22 00:45:45,856 [Worker-1] INFO  o.e.m.c.i.embedder.EclipseLogger - skip non existing resourceDirectory C:\Java\GitHub\ExemploWebService\REST\REST\src\main\resources
2015-12-22 00:45:45,858 [Worker-1] WARN  o.e.m.c.i.embedder.EclipseLogger - Using platform encoding (Cp1252 actually) to copy filtered resources, i.e. build is platform dependent!
2015-12-22 00:45:45,858 [Worker-1] INFO  o.e.m.c.i.embedder.EclipseLogger - skip non existing resourceDirectory C:\Java\GitHub\ExemploWebService\REST\REST\src\test\resources
2015-12-22 00:47:15,125 [Worker-1] WARN  o.e.m.c.i.embedder.EclipseLogger - Using platform encoding (Cp1252 actually) to copy filtered resources, i.e. build is platform dependent!
2015-12-22 00:47:15,126 [Worker-1] INFO  o.e.m.c.i.embedder.EclipseLogger - skip non existing resourceDirectory C:\Java\GitHub\ExemploWebService\REST\REST\src\main\resources
2015-12-22 00:47:15,127 [Worker-1] WARN  o.e.m.c.i.embedder.EclipseLogger - Using platform encoding (Cp1252 actually) to copy filtered resources, i.e. build is platform dependent!
2015-12-22 00:47:15,128 [Worker-1] INFO  o.e.m.c.i.embedder.EclipseLogger - skip non existing resourceDirectory C:\Java\GitHub\ExemploWebService\REST\REST\src\test\resources
2015-12-22 00:47:25,211 [Worker-22] WARN  o.e.m.c.i.embedder.EclipseLogger - Using platform encoding (Cp1252 actually) to copy filtered resources, i.e. build is platform dependent!
2015-12-22 00:47:25,213 [Worker-22] INFO  o.e.m.c.i.embedder.EclipseLogger - skip non existing resourceDirectory C:\Java\GitHub\ExemploWebService\REST\REST\src\main\resources
2015-12-22 00:47:25,215 [Worker-22] WARN  o.e.m.c.i.embedder.EclipseLogger - Using platform encoding (Cp1252 actually) to copy filtered resources, i.e. build is platform dependent!
2015-12-22 00:47:25,217 [Worker-22] INFO  o.e.m.c.i.embedder.EclipseLogger - skip non existing resourceDirectory C:\Java\GitHub\ExemploWebService\REST\REST\src\test\resources
2015-12-22 00:49:57,292 [Worker-22] WARN  o.e.m.c.i.embedder.EclipseLogger - Using platform encoding (Cp1252 actually) to copy filtered resources, i.e. build is platform dependent!
2015-12-22 00:49:57,293 [Worker-22] INFO  o.e.m.c.i.embedder.EclipseLogger - skip non existing resourceDirectory C:\Java\GitHub\ExemploWebService\REST\REST\src\main\resources
2015-12-22 00:49:57,294 [Worker-22] WARN  o.e.m.c.i.embedder.EclipseLogger - Using platform encoding (Cp1252 actually) to copy filtered resources, i.e. build is platform dependent!
2015-12-22 00:49:57,297 [Worker-22] INFO  o.e.m.c.i.embedder.EclipseLogger - skip non existing resourceDirectory C:\Java\GitHub\ExemploWebService\REST\REST\src\test\resources
2015-12-22 00:51:02,151 [Worker-1] WARN  o.e.m.c.i.embedder.EclipseLogger - Using platform encoding (Cp1252 actually) to copy filtered resources, i.e. build is platform dependent!
2015-12-22 00:51:02,152 [Worker-1] INFO  o.e.m.c.i.embedder.EclipseLogger - skip non existing resourceDirectory C:\Java\GitHub\ExemploWebService\REST\REST\src\main\resources
2015-12-22 00:51:02,154 [Worker-1] WARN  o.e.m.c.i.embedder.EclipseLogger - Using platform encoding (Cp1252 actually) to copy filtered resources, i.e. build is platform dependent!
2015-12-22 00:51:02,155 [Worker-1] INFO  o.e.m.c.i.embedder.EclipseLogger - skip non existing resourceDirectory C:\Java\GitHub\ExemploWebService\REST\REST\src\test\resources
2015-12-22 00:51:32,498 [Worker-24] WARN  o.e.m.c.i.embedder.EclipseLogger - Using platform encoding (Cp1252 actually) to copy filtered resources, i.e. build is platform dependent!
2015-12-22 00:51:32,500 [Worker-24] INFO  o.e.m.c.i.embedder.EclipseLogger - skip non existing resourceDirectory C:\Java\GitHub\ExemploWebService\REST\REST\src\main\resources
2015-12-22 00:51:32,501 [Worker-24] WARN  o.e.m.c.i.embedder.EclipseLogger - Using platform encoding (Cp1252 actually) to copy filtered resources, i.e. build is platform dependent!
2015-12-22 00:51:32,502 [Worker-24] INFO  o.e.m.c.i.embedder.EclipseLogger - skip non existing resourceDirectory C:\Java\GitHub\ExemploWebService\REST\REST\src\test\resources
